\BOOKMARK [1][-]{section*.1}{\376\377\000T\000a\000b\000l\000e\000\040\000o\000f\000\040\000c\000o\000n\000t\000e\000n\000t\000s}{}% 1
\BOOKMARK [1][-]{section.1}{\376\377\000M\000o\000d\000e\000l\000i\000n\000g}{}% 2
\BOOKMARK [2][-]{subsection.1.1}{\376\377\000S\000p\000l\000i\000n\000e\000s}{section.1}% 3
\BOOKMARK [3][-]{subsubsection.1.1.1}{\376\377\000C\000u\000b\000i\000c\000\040\000H\000e\000r\000m\000i\000t\000e\000\040\000I\000n\000t\000e\000r\000p\000o\000l\000a\000t\000i\000o\000n}{subsection.1.1}% 4
\BOOKMARK [3][-]{subsubsection.1.1.2}{\376\377\000M\000o\000r\000e\000\040\000t\000h\000a\000n\000\040\0001\000D}{subsection.1.1}% 5
\BOOKMARK [3][-]{subsubsection.1.1.3}{\376\377\000C\000u\000b\000i\000c\000\040\000b\000l\000o\000s\000s\000o\000m}{subsection.1.1}% 6
\BOOKMARK [3][-]{subsubsection.1.1.4}{\376\377\000B\000e\000r\000n\000s\000t\000e\000i\000n\000\040\000p\000o\000l\000y\000n\000o\000m\000i\000a\000l\000s}{subsection.1.1}% 7
\BOOKMARK [3][-]{subsubsection.1.1.5}{\376\377\000G\000e\000n\000e\000r\000a\000l\000\040\000s\000p\000l\000i\000n\000e\000\040\000f\000o\000r\000m\000u\000l\000a\000t\000i\000o\000n}{subsection.1.1}% 8
\BOOKMARK [3][-]{subsubsection.1.1.6}{\376\377\000O\000r\000d\000e\000r\000s\000\040\000o\000f\000\040\000c\000o\000n\000t\000i\000n\000u\000i\000t\000y}{subsection.1.1}% 9
\BOOKMARK [3][-]{subsubsection.1.1.7}{\376\377\000C\000u\000b\000i\000c\000\040\000B\000-\000s\000p\000l\000i\000n\000e\000s}{subsection.1.1}% 10
\BOOKMARK [3][-]{subsubsection.1.1.8}{\376\377\000B\000e\000z\000i\000e\000r\000\040\000v\000s\000\040\000B\000-\000s\000p\000l\000i\000n\000e}{subsection.1.1}% 11
\BOOKMARK [2][-]{subsection.1.2}{\376\377\0002\000D\000\040\000S\000u\000r\000f\000a\000c\000e\000s}{section.1}% 12
\BOOKMARK [3][-]{subsubsection.1.2.1}{\376\377\000B\000i\000c\000u\000b\000i\000c\000\040\000B\000e\000z\000i\000e\000r\000\040\000s\000u\000r\000f\000a\000c\000e\000s}{subsection.1.2}% 13
\BOOKMARK [3][-]{subsubsection.1.2.2}{\376\377\000T\000a\000n\000g\000e\000n\000t\000s\000\040\000a\000n\000d\000\040\000N\000o\000r\000m\000a\000l\000s\000\040\000f\000o\000r\000\040\000p\000a\000t\000c\000h\000e\000s}{subsection.1.2}% 14
\BOOKMARK [3][-]{subsubsection.1.2.3}{\376\377\000M\000a\000t\000r\000i\000x\000\040\000n\000o\000t\000a\000t\000i\000o\000n\000\040\000f\000o\000r\000\040\000p\000a\000t\000c\000h\000e\000s}{subsection.1.2}% 15
\BOOKMARK [3][-]{subsubsection.1.2.4}{\376\377\000I\000m\000p\000l\000i\000c\000i\000t\000\040\000s\000u\000r\000f\000a\000c\000e\000s}{subsection.1.2}% 16
\BOOKMARK [2][-]{subsection.1.3}{\376\377\000H\000i\000e\000r\000a\000r\000c\000h\000i\000c\000a\000l\000\040\000m\000o\000d\000e\000l\000i\000n\000g}{section.1}% 17
\BOOKMARK [3][-]{subsubsection.1.3.1}{\376\377\000F\000o\000r\000w\000a\000r\000d\000\040\000k\000i\000n\000e\000m\000a\000t\000i\000c\000s}{subsection.1.3}% 18
\BOOKMARK [3][-]{subsubsection.1.3.2}{\376\377\000I\000n\000v\000e\000r\000s\000e\000\040\000k\000i\000n\000e\000m\000a\000t\000i\000c\000s}{subsection.1.3}% 19
\BOOKMARK [3][-]{subsubsection.1.3.3}{\376\377\000J\000a\000c\000o\000b\000i\000a\000n}{subsection.1.3}% 20
\BOOKMARK [2][-]{subsection.1.4}{\376\377\000S\000k\000i\000n\000n\000i\000n\000g}{section.1}% 21
\BOOKMARK [3][-]{subsubsection.1.4.1}{\376\377\000S\000S\000D}{subsection.1.4}% 22
\BOOKMARK [3][-]{subsubsection.1.4.2}{\376\377\000V\000e\000r\000t\000e\000x\000\040\000w\000e\000i\000g\000h\000t\000s}{subsection.1.4}% 23
\BOOKMARK [3][-]{subsubsection.1.4.3}{\376\377\000L\000i\000n\000e\000a\000r\000\040\000b\000l\000e\000n\000d\000\040\000s\000k\000i\000n\000n\000i\000n\000g}{subsection.1.4}% 24
\BOOKMARK [2][-]{subsection.1.5}{\376\377\000P\000a\000r\000t\000i\000c\000l\000e\000\040\000s\000y\000s\000t\000e\000m\000s}{section.1}% 25
